INFO - 2023-02-02 16:09:43 --> Session: Class initialized using 'CodeIgniter\Session\Handlers\FileHandler' driver.
ERROR - 2023-02-02 16:09:43 --> Error connecting to the database: mysqli_sql_exception: Permission denied in /home/ivan/nativeProjects/VisaAppCi4/vendor/codeigniter4/framework/system/Database/MySQLi/Connection.php:173
Stack trace:
#0 /home/ivan/nativeProjects/VisaAppCi4/vendor/codeigniter4/framework/system/Database/MySQLi/Connection.php(173): mysqli->real_connect()
#1 /home/ivan/nativeProjects/VisaAppCi4/vendor/codeigniter4/framework/system/Database/BaseConnection.php(391): CodeIgniter\Database\MySQLi\Connection->connect()
#2 /home/ivan/nativeProjects/VisaAppCi4/vendor/codeigniter4/framework/system/Database/BaseConnection.php(573): CodeIgniter\Database\BaseConnection->initialize()
#3 /home/ivan/nativeProjects/VisaAppCi4/vendor/codeigniter4/framework/system/Database/BaseBuilder.php(1602): CodeIgniter\Database\BaseConnection->query()
#4 /home/ivan/nativeProjects/VisaAppCi4/vendor/codeigniter4/framework/system/Model.php(240): CodeIgniter\Database\BaseBuilder->get()
#5 /home/ivan/nativeProjects/VisaAppCi4/vendor/codeigniter4/framework/system/BaseModel.php(618): CodeIgniter\Model->doFindAll()
#6 /home/ivan/nativeProjects/VisaAppCi4/app/Helpers/retrieve_helper.php(9): CodeIgniter\BaseModel->findAll()
#7 /home/ivan/nativeProjects/VisaAppCi4/app/Views/visa_application.php(177): getVisaTypes()
#8 /home/ivan/nativeProjects/VisaAppCi4/vendor/codeigniter4/framework/system/View/View.php(213): include('...')
#9 /home/ivan/nativeProjects/VisaAppCi4/vendor/codeigniter4/framework/system/View/View.php(216): CodeIgniter\View\View->CodeIgniter\View\{closure}()
#10 /home/ivan/nativeProjects/VisaAppCi4/vendor/codeigniter4/framework/system/Common.php(1177): CodeIgniter\View\View->render()
#11 /home/ivan/nativeProjects/VisaAppCi4/app/Controllers/Visa.php(12): view()
#12 /home/ivan/nativeProjects/VisaAppCi4/vendor/codeigniter4/framework/system/CodeIgniter.php(934): App\Controllers\Visa->index()
#13 /home/ivan/nativeProjects/VisaAppCi4/vendor/codeigniter4/framework/system/CodeIgniter.php(499): CodeIgniter\CodeIgniter->runController()
#14 /home/ivan/nativeProjects/VisaAppCi4/vendor/codeigniter4/framework/system/CodeIgniter.php(368): CodeIgniter\CodeIgniter->handleRequest()
#15 /home/ivan/nativeProjects/VisaAppCi4/public/index.php(67): CodeIgniter\CodeIgniter->run()
#16 /home/ivan/nativeProjects/VisaAppCi4/vendor/codeigniter4/framework/system/Commands/Server/rewrite.php(47): require_once('...')
#17 {main}

Next CodeIgniter\Database\Exceptions\DatabaseException: Permission denied in /home/ivan/nativeProjects/VisaAppCi4/vendor/codeigniter4/framework/system/Database/MySQLi/Connection.php:218
Stack trace:
#0 /home/ivan/nativeProjects/VisaAppCi4/vendor/codeigniter4/framework/system/Database/BaseConnection.php(391): CodeIgniter\Database\MySQLi\Connection->connect()
#1 /home/ivan/nativeProjects/VisaAppCi4/vendor/codeigniter4/framework/system/Database/BaseConnection.php(573): CodeIgniter\Database\BaseConnection->initialize()
#2 /home/ivan/nativeProjects/VisaAppCi4/vendor/codeigniter4/framework/system/Database/BaseBuilder.php(1602): CodeIgniter\Database\BaseConnection->query()
#3 /home/ivan/nativeProjects/VisaAppCi4/vendor/codeigniter4/framework/system/Model.php(240): CodeIgniter\Database\BaseBuilder->get()
#4 /home/ivan/nativeProjects/VisaAppCi4/vendor/codeigniter4/framework/system/BaseModel.php(618): CodeIgniter\Model->doFindAll()
#5 /home/ivan/nativeProjects/VisaAppCi4/app/Helpers/retrieve_helper.php(9): CodeIgniter\BaseModel->findAll()
#6 /home/ivan/nativeProjects/VisaAppCi4/app/Views/visa_application.php(177): getVisaTypes()
#7 /home/ivan/nativeProjects/VisaAppCi4/vendor/codeigniter4/framework/system/View/View.php(213): include('...')
#8 /home/ivan/nativeProjects/VisaAppCi4/vendor/codeigniter4/framework/system/View/View.php(216): CodeIgniter\View\View->CodeIgniter\View\{closure}()
#9 /home/ivan/nativeProjects/VisaAppCi4/vendor/codeigniter4/framework/system/Common.php(1177): CodeIgniter\View\View->render()
#10 /home/ivan/nativeProjects/VisaAppCi4/app/Controllers/Visa.php(12): view()
#11 /home/ivan/nativeProjects/VisaAppCi4/vendor/codeigniter4/framework/system/CodeIgniter.php(934): App\Controllers\Visa->index()
#12 /home/ivan/nativeProjects/VisaAppCi4/vendor/codeigniter4/framework/system/CodeIgniter.php(499): CodeIgniter\CodeIgniter->runController()
#13 /home/ivan/nativeProjects/VisaAppCi4/vendor/codeigniter4/framework/system/CodeIgniter.php(368): CodeIgniter\CodeIgniter->handleRequest()
#14 /home/ivan/nativeProjects/VisaAppCi4/public/index.php(67): CodeIgniter\CodeIgniter->run()
#15 /home/ivan/nativeProjects/VisaAppCi4/vendor/codeigniter4/framework/system/Commands/Server/rewrite.php(47): require_once('...')
#16 {main}
CRITICAL - 2023-02-02 16:09:43 --> Unable to connect to the database.
Main connection [MySQLi]: Permission denied
in SYSTEMPATH/Database/BaseConnection.php on line 427.
 1 SYSTEMPATH/Database/BaseConnection.php(573): CodeIgniter\Database\BaseConnection->initialize()
 2 SYSTEMPATH/Database/BaseBuilder.php(1602): CodeIgniter\Database\BaseConnection->query()
 3 SYSTEMPATH/Model.php(240): CodeIgniter\Database\BaseBuilder->get()
 4 SYSTEMPATH/BaseModel.php(618): CodeIgniter\Model->doFindAll()
 5 APPPATH/Helpers/retrieve_helper.php(9): CodeIgniter\BaseModel->findAll()
 6 APPPATH/Views/visa_application.php(177): getVisaTypes()
 7 SYSTEMPATH/View/View.php(213): include('APPPATH/Views/visa_application.php')
 8 SYSTEMPATH/View/View.php(216): CodeIgniter\View\View->CodeIgniter\View\{closure}()
 9 SYSTEMPATH/Common.php(1177): CodeIgniter\View\View->render()
10 APPPATH/Controllers/Visa.php(12): view()
11 SYSTEMPATH/CodeIgniter.php(934): App\Controllers\Visa->index()
12 SYSTEMPATH/CodeIgniter.php(499): CodeIgniter\CodeIgniter->runController()
13 SYSTEMPATH/CodeIgniter.php(368): CodeIgniter\CodeIgniter->handleRequest()
14 FCPATH/index.php(67): CodeIgniter\CodeIgniter->run()
15 SYSTEMPATH/Commands/Server/rewrite.php(47): require_once('FCPATH/index.php')
INFO - 2023-02-02 16:09:57 --> Session: Class initialized using 'CodeIgniter\Session\Handlers\FileHandler' driver.
ERROR - 2023-02-02 16:09:57 --> Error connecting to the database: mysqli_sql_exception: Permission denied in /home/ivan/nativeProjects/VisaAppCi4/vendor/codeigniter4/framework/system/Database/MySQLi/Connection.php:173
Stack trace:
#0 /home/ivan/nativeProjects/VisaAppCi4/vendor/codeigniter4/framework/system/Database/MySQLi/Connection.php(173): mysqli->real_connect()
#1 /home/ivan/nativeProjects/VisaAppCi4/vendor/codeigniter4/framework/system/Database/BaseConnection.php(391): CodeIgniter\Database\MySQLi\Connection->connect()
#2 /home/ivan/nativeProjects/VisaAppCi4/vendor/codeigniter4/framework/system/Database/BaseConnection.php(573): CodeIgniter\Database\BaseConnection->initialize()
#3 /home/ivan/nativeProjects/VisaAppCi4/vendor/codeigniter4/framework/system/Database/BaseBuilder.php(1602): CodeIgniter\Database\BaseConnection->query()
#4 /home/ivan/nativeProjects/VisaAppCi4/vendor/codeigniter4/framework/system/Model.php(240): CodeIgniter\Database\BaseBuilder->get()
#5 /home/ivan/nativeProjects/VisaAppCi4/vendor/codeigniter4/framework/system/BaseModel.php(618): CodeIgniter\Model->doFindAll()
#6 /home/ivan/nativeProjects/VisaAppCi4/app/Helpers/retrieve_helper.php(9): CodeIgniter\BaseModel->findAll()
#7 /home/ivan/nativeProjects/VisaAppCi4/app/Views/visa_application.php(177): getVisaTypes()
#8 /home/ivan/nativeProjects/VisaAppCi4/vendor/codeigniter4/framework/system/View/View.php(213): include('...')
#9 /home/ivan/nativeProjects/VisaAppCi4/vendor/codeigniter4/framework/system/View/View.php(216): CodeIgniter\View\View->CodeIgniter\View\{closure}()
#10 /home/ivan/nativeProjects/VisaAppCi4/vendor/codeigniter4/framework/system/Common.php(1177): CodeIgniter\View\View->render()
#11 /home/ivan/nativeProjects/VisaAppCi4/app/Controllers/Visa.php(12): view()
#12 /home/ivan/nativeProjects/VisaAppCi4/vendor/codeigniter4/framework/system/CodeIgniter.php(934): App\Controllers\Visa->index()
#13 /home/ivan/nativeProjects/VisaAppCi4/vendor/codeigniter4/framework/system/CodeIgniter.php(499): CodeIgniter\CodeIgniter->runController()
#14 /home/ivan/nativeProjects/VisaAppCi4/vendor/codeigniter4/framework/system/CodeIgniter.php(368): CodeIgniter\CodeIgniter->handleRequest()
#15 /home/ivan/nativeProjects/VisaAppCi4/public/index.php(67): CodeIgniter\CodeIgniter->run()
#16 /home/ivan/nativeProjects/VisaAppCi4/vendor/codeigniter4/framework/system/Commands/Server/rewrite.php(47): require_once('...')
#17 {main}

Next CodeIgniter\Database\Exceptions\DatabaseException: Permission denied in /home/ivan/nativeProjects/VisaAppCi4/vendor/codeigniter4/framework/system/Database/MySQLi/Connection.php:218
Stack trace:
#0 /home/ivan/nativeProjects/VisaAppCi4/vendor/codeigniter4/framework/system/Database/BaseConnection.php(391): CodeIgniter\Database\MySQLi\Connection->connect()
#1 /home/ivan/nativeProjects/VisaAppCi4/vendor/codeigniter4/framework/system/Database/BaseConnection.php(573): CodeIgniter\Database\BaseConnection->initialize()
#2 /home/ivan/nativeProjects/VisaAppCi4/vendor/codeigniter4/framework/system/Database/BaseBuilder.php(1602): CodeIgniter\Database\BaseConnection->query()
#3 /home/ivan/nativeProjects/VisaAppCi4/vendor/codeigniter4/framework/system/Model.php(240): CodeIgniter\Database\BaseBuilder->get()
#4 /home/ivan/nativeProjects/VisaAppCi4/vendor/codeigniter4/framework/system/BaseModel.php(618): CodeIgniter\Model->doFindAll()
#5 /home/ivan/nativeProjects/VisaAppCi4/app/Helpers/retrieve_helper.php(9): CodeIgniter\BaseModel->findAll()
#6 /home/ivan/nativeProjects/VisaAppCi4/app/Views/visa_application.php(177): getVisaTypes()
#7 /home/ivan/nativeProjects/VisaAppCi4/vendor/codeigniter4/framework/system/View/View.php(213): include('...')
#8 /home/ivan/nativeProjects/VisaAppCi4/vendor/codeigniter4/framework/system/View/View.php(216): CodeIgniter\View\View->CodeIgniter\View\{closure}()
#9 /home/ivan/nativeProjects/VisaAppCi4/vendor/codeigniter4/framework/system/Common.php(1177): CodeIgniter\View\View->render()
#10 /home/ivan/nativeProjects/VisaAppCi4/app/Controllers/Visa.php(12): view()
#11 /home/ivan/nativeProjects/VisaAppCi4/vendor/codeigniter4/framework/system/CodeIgniter.php(934): App\Controllers\Visa->index()
#12 /home/ivan/nativeProjects/VisaAppCi4/vendor/codeigniter4/framework/system/CodeIgniter.php(499): CodeIgniter\CodeIgniter->runController()
#13 /home/ivan/nativeProjects/VisaAppCi4/vendor/codeigniter4/framework/system/CodeIgniter.php(368): CodeIgniter\CodeIgniter->handleRequest()
#14 /home/ivan/nativeProjects/VisaAppCi4/public/index.php(67): CodeIgniter\CodeIgniter->run()
#15 /home/ivan/nativeProjects/VisaAppCi4/vendor/codeigniter4/framework/system/Commands/Server/rewrite.php(47): require_once('...')
#16 {main}
CRITICAL - 2023-02-02 16:09:57 --> Unable to connect to the database.
Main connection [MySQLi]: Permission denied
in SYSTEMPATH/Database/BaseConnection.php on line 427.
 1 SYSTEMPATH/Database/BaseConnection.php(573): CodeIgniter\Database\BaseConnection->initialize()
 2 SYSTEMPATH/Database/BaseBuilder.php(1602): CodeIgniter\Database\BaseConnection->query()
 3 SYSTEMPATH/Model.php(240): CodeIgniter\Database\BaseBuilder->get()
 4 SYSTEMPATH/BaseModel.php(618): CodeIgniter\Model->doFindAll()
 5 APPPATH/Helpers/retrieve_helper.php(9): CodeIgniter\BaseModel->findAll()
 6 APPPATH/Views/visa_application.php(177): getVisaTypes()
 7 SYSTEMPATH/View/View.php(213): include('APPPATH/Views/visa_application.php')
 8 SYSTEMPATH/View/View.php(216): CodeIgniter\View\View->CodeIgniter\View\{closure}()
 9 SYSTEMPATH/Common.php(1177): CodeIgniter\View\View->render()
10 APPPATH/Controllers/Visa.php(12): view()
11 SYSTEMPATH/CodeIgniter.php(934): App\Controllers\Visa->index()
12 SYSTEMPATH/CodeIgniter.php(499): CodeIgniter\CodeIgniter->runController()
13 SYSTEMPATH/CodeIgniter.php(368): CodeIgniter\CodeIgniter->handleRequest()
14 FCPATH/index.php(67): CodeIgniter\CodeIgniter->run()
15 SYSTEMPATH/Commands/Server/rewrite.php(47): require_once('FCPATH/index.php')
INFO - 2023-02-02 16:09:58 --> Session: Class initialized using 'CodeIgniter\Session\Handlers\FileHandler' driver.
ERROR - 2023-02-02 16:09:58 --> Error connecting to the database: mysqli_sql_exception: Permission denied in /home/ivan/nativeProjects/VisaAppCi4/vendor/codeigniter4/framework/system/Database/MySQLi/Connection.php:173
Stack trace:
#0 /home/ivan/nativeProjects/VisaAppCi4/vendor/codeigniter4/framework/system/Database/MySQLi/Connection.php(173): mysqli->real_connect()
#1 /home/ivan/nativeProjects/VisaAppCi4/vendor/codeigniter4/framework/system/Database/BaseConnection.php(391): CodeIgniter\Database\MySQLi\Connection->connect()
#2 /home/ivan/nativeProjects/VisaAppCi4/vendor/codeigniter4/framework/system/Database/BaseConnection.php(573): CodeIgniter\Database\BaseConnection->initialize()
#3 /home/ivan/nativeProjects/VisaAppCi4/vendor/codeigniter4/framework/system/Database/BaseBuilder.php(1602): CodeIgniter\Database\BaseConnection->query()
#4 /home/ivan/nativeProjects/VisaAppCi4/vendor/codeigniter4/framework/system/Model.php(240): CodeIgniter\Database\BaseBuilder->get()
#5 /home/ivan/nativeProjects/VisaAppCi4/vendor/codeigniter4/framework/system/BaseModel.php(618): CodeIgniter\Model->doFindAll()
#6 /home/ivan/nativeProjects/VisaAppCi4/app/Helpers/retrieve_helper.php(9): CodeIgniter\BaseModel->findAll()
#7 /home/ivan/nativeProjects/VisaAppCi4/app/Views/visa_application.php(177): getVisaTypes()
#8 /home/ivan/nativeProjects/VisaAppCi4/vendor/codeigniter4/framework/system/View/View.php(213): include('...')
#9 /home/ivan/nativeProjects/VisaAppCi4/vendor/codeigniter4/framework/system/View/View.php(216): CodeIgniter\View\View->CodeIgniter\View\{closure}()
#10 /home/ivan/nativeProjects/VisaAppCi4/vendor/codeigniter4/framework/system/Common.php(1177): CodeIgniter\View\View->render()
#11 /home/ivan/nativeProjects/VisaAppCi4/app/Controllers/Visa.php(12): view()
#12 /home/ivan/nativeProjects/VisaAppCi4/vendor/codeigniter4/framework/system/CodeIgniter.php(934): App\Controllers\Visa->index()
#13 /home/ivan/nativeProjects/VisaAppCi4/vendor/codeigniter4/framework/system/CodeIgniter.php(499): CodeIgniter\CodeIgniter->runController()
#14 /home/ivan/nativeProjects/VisaAppCi4/vendor/codeigniter4/framework/system/CodeIgniter.php(368): CodeIgniter\CodeIgniter->handleRequest()
#15 /home/ivan/nativeProjects/VisaAppCi4/public/index.php(67): CodeIgniter\CodeIgniter->run()
#16 /home/ivan/nativeProjects/VisaAppCi4/vendor/codeigniter4/framework/system/Commands/Server/rewrite.php(47): require_once('...')
#17 {main}

Next CodeIgniter\Database\Exceptions\DatabaseException: Permission denied in /home/ivan/nativeProjects/VisaAppCi4/vendor/codeigniter4/framework/system/Database/MySQLi/Connection.php:218
Stack trace:
#0 /home/ivan/nativeProjects/VisaAppCi4/vendor/codeigniter4/framework/system/Database/BaseConnection.php(391): CodeIgniter\Database\MySQLi\Connection->connect()
#1 /home/ivan/nativeProjects/VisaAppCi4/vendor/codeigniter4/framework/system/Database/BaseConnection.php(573): CodeIgniter\Database\BaseConnection->initialize()
#2 /home/ivan/nativeProjects/VisaAppCi4/vendor/codeigniter4/framework/system/Database/BaseBuilder.php(1602): CodeIgniter\Database\BaseConnection->query()
#3 /home/ivan/nativeProjects/VisaAppCi4/vendor/codeigniter4/framework/system/Model.php(240): CodeIgniter\Database\BaseBuilder->get()
#4 /home/ivan/nativeProjects/VisaAppCi4/vendor/codeigniter4/framework/system/BaseModel.php(618): CodeIgniter\Model->doFindAll()
#5 /home/ivan/nativeProjects/VisaAppCi4/app/Helpers/retrieve_helper.php(9): CodeIgniter\BaseModel->findAll()
#6 /home/ivan/nativeProjects/VisaAppCi4/app/Views/visa_application.php(177): getVisaTypes()
#7 /home/ivan/nativeProjects/VisaAppCi4/vendor/codeigniter4/framework/system/View/View.php(213): include('...')
#8 /home/ivan/nativeProjects/VisaAppCi4/vendor/codeigniter4/framework/system/View/View.php(216): CodeIgniter\View\View->CodeIgniter\View\{closure}()
#9 /home/ivan/nativeProjects/VisaAppCi4/vendor/codeigniter4/framework/system/Common.php(1177): CodeIgniter\View\View->render()
#10 /home/ivan/nativeProjects/VisaAppCi4/app/Controllers/Visa.php(12): view()
#11 /home/ivan/nativeProjects/VisaAppCi4/vendor/codeigniter4/framework/system/CodeIgniter.php(934): App\Controllers\Visa->index()
#12 /home/ivan/nativeProjects/VisaAppCi4/vendor/codeigniter4/framework/system/CodeIgniter.php(499): CodeIgniter\CodeIgniter->runController()
#13 /home/ivan/nativeProjects/VisaAppCi4/vendor/codeigniter4/framework/system/CodeIgniter.php(368): CodeIgniter\CodeIgniter->handleRequest()
#14 /home/ivan/nativeProjects/VisaAppCi4/public/index.php(67): CodeIgniter\CodeIgniter->run()
#15 /home/ivan/nativeProjects/VisaAppCi4/vendor/codeigniter4/framework/system/Commands/Server/rewrite.php(47): require_once('...')
#16 {main}
CRITICAL - 2023-02-02 16:09:58 --> Unable to connect to the database.
Main connection [MySQLi]: Permission denied
in SYSTEMPATH/Database/BaseConnection.php on line 427.
 1 SYSTEMPATH/Database/BaseConnection.php(573): CodeIgniter\Database\BaseConnection->initialize()
 2 SYSTEMPATH/Database/BaseBuilder.php(1602): CodeIgniter\Database\BaseConnection->query()
 3 SYSTEMPATH/Model.php(240): CodeIgniter\Database\BaseBuilder->get()
 4 SYSTEMPATH/BaseModel.php(618): CodeIgniter\Model->doFindAll()
 5 APPPATH/Helpers/retrieve_helper.php(9): CodeIgniter\BaseModel->findAll()
 6 APPPATH/Views/visa_application.php(177): getVisaTypes()
 7 SYSTEMPATH/View/View.php(213): include('APPPATH/Views/visa_application.php')
 8 SYSTEMPATH/View/View.php(216): CodeIgniter\View\View->CodeIgniter\View\{closure}()
 9 SYSTEMPATH/Common.php(1177): CodeIgniter\View\View->render()
10 APPPATH/Controllers/Visa.php(12): view()
11 SYSTEMPATH/CodeIgniter.php(934): App\Controllers\Visa->index()
12 SYSTEMPATH/CodeIgniter.php(499): CodeIgniter\CodeIgniter->runController()
13 SYSTEMPATH/CodeIgniter.php(368): CodeIgniter\CodeIgniter->handleRequest()
14 FCPATH/index.php(67): CodeIgniter\CodeIgniter->run()
15 SYSTEMPATH/Commands/Server/rewrite.php(47): require_once('FCPATH/index.php')
INFO - 2023-02-02 16:10:23 --> Session: Class initialized using 'CodeIgniter\Session\Handlers\FileHandler' driver.
ERROR - 2023-02-02 16:10:23 --> Error connecting to the database: mysqli_sql_exception: Permission denied in /home/ivan/nativeProjects/VisaAppCi4/vendor/codeigniter4/framework/system/Database/MySQLi/Connection.php:173
Stack trace:
#0 /home/ivan/nativeProjects/VisaAppCi4/vendor/codeigniter4/framework/system/Database/MySQLi/Connection.php(173): mysqli->real_connect()
#1 /home/ivan/nativeProjects/VisaAppCi4/vendor/codeigniter4/framework/system/Database/BaseConnection.php(391): CodeIgniter\Database\MySQLi\Connection->connect()
#2 /home/ivan/nativeProjects/VisaAppCi4/vendor/codeigniter4/framework/system/Database/BaseConnection.php(573): CodeIgniter\Database\BaseConnection->initialize()
#3 /home/ivan/nativeProjects/VisaAppCi4/vendor/codeigniter4/framework/system/Database/BaseBuilder.php(1602): CodeIgniter\Database\BaseConnection->query()
#4 /home/ivan/nativeProjects/VisaAppCi4/vendor/codeigniter4/framework/system/Model.php(240): CodeIgniter\Database\BaseBuilder->get()
#5 /home/ivan/nativeProjects/VisaAppCi4/vendor/codeigniter4/framework/system/BaseModel.php(618): CodeIgniter\Model->doFindAll()
#6 /home/ivan/nativeProjects/VisaAppCi4/app/Helpers/retrieve_helper.php(9): CodeIgniter\BaseModel->findAll()
#7 /home/ivan/nativeProjects/VisaAppCi4/app/Views/visa_application.php(177): getVisaTypes()
#8 /home/ivan/nativeProjects/VisaAppCi4/vendor/codeigniter4/framework/system/View/View.php(213): include('...')
#9 /home/ivan/nativeProjects/VisaAppCi4/vendor/codeigniter4/framework/system/View/View.php(216): CodeIgniter\View\View->CodeIgniter\View\{closure}()
#10 /home/ivan/nativeProjects/VisaAppCi4/vendor/codeigniter4/framework/system/Common.php(1177): CodeIgniter\View\View->render()
#11 /home/ivan/nativeProjects/VisaAppCi4/app/Controllers/Visa.php(12): view()
#12 /home/ivan/nativeProjects/VisaAppCi4/vendor/codeigniter4/framework/system/CodeIgniter.php(934): App\Controllers\Visa->index()
#13 /home/ivan/nativeProjects/VisaAppCi4/vendor/codeigniter4/framework/system/CodeIgniter.php(499): CodeIgniter\CodeIgniter->runController()
#14 /home/ivan/nativeProjects/VisaAppCi4/vendor/codeigniter4/framework/system/CodeIgniter.php(368): CodeIgniter\CodeIgniter->handleRequest()
#15 /home/ivan/nativeProjects/VisaAppCi4/public/index.php(67): CodeIgniter\CodeIgniter->run()
#16 /home/ivan/nativeProjects/VisaAppCi4/vendor/codeigniter4/framework/system/Commands/Server/rewrite.php(47): require_once('...')
#17 {main}

Next CodeIgniter\Database\Exceptions\DatabaseException: Permission denied in /home/ivan/nativeProjects/VisaAppCi4/vendor/codeigniter4/framework/system/Database/MySQLi/Connection.php:218
Stack trace:
#0 /home/ivan/nativeProjects/VisaAppCi4/vendor/codeigniter4/framework/system/Database/BaseConnection.php(391): CodeIgniter\Database\MySQLi\Connection->connect()
#1 /home/ivan/nativeProjects/VisaAppCi4/vendor/codeigniter4/framework/system/Database/BaseConnection.php(573): CodeIgniter\Database\BaseConnection->initialize()
#2 /home/ivan/nativeProjects/VisaAppCi4/vendor/codeigniter4/framework/system/Database/BaseBuilder.php(1602): CodeIgniter\Database\BaseConnection->query()
#3 /home/ivan/nativeProjects/VisaAppCi4/vendor/codeigniter4/framework/system/Model.php(240): CodeIgniter\Database\BaseBuilder->get()
#4 /home/ivan/nativeProjects/VisaAppCi4/vendor/codeigniter4/framework/system/BaseModel.php(618): CodeIgniter\Model->doFindAll()
#5 /home/ivan/nativeProjects/VisaAppCi4/app/Helpers/retrieve_helper.php(9): CodeIgniter\BaseModel->findAll()
#6 /home/ivan/nativeProjects/VisaAppCi4/app/Views/visa_application.php(177): getVisaTypes()
#7 /home/ivan/nativeProjects/VisaAppCi4/vendor/codeigniter4/framework/system/View/View.php(213): include('...')
#8 /home/ivan/nativeProjects/VisaAppCi4/vendor/codeigniter4/framework/system/View/View.php(216): CodeIgniter\View\View->CodeIgniter\View\{closure}()
#9 /home/ivan/nativeProjects/VisaAppCi4/vendor/codeigniter4/framework/system/Common.php(1177): CodeIgniter\View\View->render()
#10 /home/ivan/nativeProjects/VisaAppCi4/app/Controllers/Visa.php(12): view()
#11 /home/ivan/nativeProjects/VisaAppCi4/vendor/codeigniter4/framework/system/CodeIgniter.php(934): App\Controllers\Visa->index()
#12 /home/ivan/nativeProjects/VisaAppCi4/vendor/codeigniter4/framework/system/CodeIgniter.php(499): CodeIgniter\CodeIgniter->runController()
#13 /home/ivan/nativeProjects/VisaAppCi4/vendor/codeigniter4/framework/system/CodeIgniter.php(368): CodeIgniter\CodeIgniter->handleRequest()
#14 /home/ivan/nativeProjects/VisaAppCi4/public/index.php(67): CodeIgniter\CodeIgniter->run()
#15 /home/ivan/nativeProjects/VisaAppCi4/vendor/codeigniter4/framework/system/Commands/Server/rewrite.php(47): require_once('...')
#16 {main}
CRITICAL - 2023-02-02 16:10:23 --> Unable to connect to the database.
Main connection [MySQLi]: Permission denied
in SYSTEMPATH/Database/BaseConnection.php on line 427.
 1 SYSTEMPATH/Database/BaseConnection.php(573): CodeIgniter\Database\BaseConnection->initialize()
 2 SYSTEMPATH/Database/BaseBuilder.php(1602): CodeIgniter\Database\BaseConnection->query()
 3 SYSTEMPATH/Model.php(240): CodeIgniter\Database\BaseBuilder->get()
 4 SYSTEMPATH/BaseModel.php(618): CodeIgniter\Model->doFindAll()
 5 APPPATH/Helpers/retrieve_helper.php(9): CodeIgniter\BaseModel->findAll()
 6 APPPATH/Views/visa_application.php(177): getVisaTypes()
 7 SYSTEMPATH/View/View.php(213): include('APPPATH/Views/visa_application.php')
 8 SYSTEMPATH/View/View.php(216): CodeIgniter\View\View->CodeIgniter\View\{closure}()
 9 SYSTEMPATH/Common.php(1177): CodeIgniter\View\View->render()
10 APPPATH/Controllers/Visa.php(12): view()
11 SYSTEMPATH/CodeIgniter.php(934): App\Controllers\Visa->index()
12 SYSTEMPATH/CodeIgniter.php(499): CodeIgniter\CodeIgniter->runController()
13 SYSTEMPATH/CodeIgniter.php(368): CodeIgniter\CodeIgniter->handleRequest()
14 FCPATH/index.php(67): CodeIgniter\CodeIgniter->run()
15 SYSTEMPATH/Commands/Server/rewrite.php(47): require_once('FCPATH/index.php')
INFO - 2023-02-02 16:10:25 --> Session: Class initialized using 'CodeIgniter\Session\Handlers\FileHandler' driver.
ERROR - 2023-02-02 16:10:25 --> Error connecting to the database: mysqli_sql_exception: Permission denied in /home/ivan/nativeProjects/VisaAppCi4/vendor/codeigniter4/framework/system/Database/MySQLi/Connection.php:173
Stack trace:
#0 /home/ivan/nativeProjects/VisaAppCi4/vendor/codeigniter4/framework/system/Database/MySQLi/Connection.php(173): mysqli->real_connect()
#1 /home/ivan/nativeProjects/VisaAppCi4/vendor/codeigniter4/framework/system/Database/BaseConnection.php(391): CodeIgniter\Database\MySQLi\Connection->connect()
#2 /home/ivan/nativeProjects/VisaAppCi4/vendor/codeigniter4/framework/system/Database/BaseConnection.php(573): CodeIgniter\Database\BaseConnection->initialize()
#3 /home/ivan/nativeProjects/VisaAppCi4/vendor/codeigniter4/framework/system/Database/BaseBuilder.php(1602): CodeIgniter\Database\BaseConnection->query()
#4 /home/ivan/nativeProjects/VisaAppCi4/vendor/codeigniter4/framework/system/Model.php(240): CodeIgniter\Database\BaseBuilder->get()
#5 /home/ivan/nativeProjects/VisaAppCi4/vendor/codeigniter4/framework/system/BaseModel.php(618): CodeIgniter\Model->doFindAll()
#6 /home/ivan/nativeProjects/VisaAppCi4/app/Helpers/retrieve_helper.php(9): CodeIgniter\BaseModel->findAll()
#7 /home/ivan/nativeProjects/VisaAppCi4/app/Views/visa_application.php(177): getVisaTypes()
#8 /home/ivan/nativeProjects/VisaAppCi4/vendor/codeigniter4/framework/system/View/View.php(213): include('...')
#9 /home/ivan/nativeProjects/VisaAppCi4/vendor/codeigniter4/framework/system/View/View.php(216): CodeIgniter\View\View->CodeIgniter\View\{closure}()
#10 /home/ivan/nativeProjects/VisaAppCi4/vendor/codeigniter4/framework/system/Common.php(1177): CodeIgniter\View\View->render()
#11 /home/ivan/nativeProjects/VisaAppCi4/app/Controllers/Visa.php(12): view()
#12 /home/ivan/nativeProjects/VisaAppCi4/vendor/codeigniter4/framework/system/CodeIgniter.php(934): App\Controllers\Visa->index()
#13 /home/ivan/nativeProjects/VisaAppCi4/vendor/codeigniter4/framework/system/CodeIgniter.php(499): CodeIgniter\CodeIgniter->runController()
#14 /home/ivan/nativeProjects/VisaAppCi4/vendor/codeigniter4/framework/system/CodeIgniter.php(368): CodeIgniter\CodeIgniter->handleRequest()
#15 /home/ivan/nativeProjects/VisaAppCi4/public/index.php(67): CodeIgniter\CodeIgniter->run()
#16 /home/ivan/nativeProjects/VisaAppCi4/vendor/codeigniter4/framework/system/Commands/Server/rewrite.php(47): require_once('...')
#17 {main}

Next CodeIgniter\Database\Exceptions\DatabaseException: Permission denied in /home/ivan/nativeProjects/VisaAppCi4/vendor/codeigniter4/framework/system/Database/MySQLi/Connection.php:218
Stack trace:
#0 /home/ivan/nativeProjects/VisaAppCi4/vendor/codeigniter4/framework/system/Database/BaseConnection.php(391): CodeIgniter\Database\MySQLi\Connection->connect()
#1 /home/ivan/nativeProjects/VisaAppCi4/vendor/codeigniter4/framework/system/Database/BaseConnection.php(573): CodeIgniter\Database\BaseConnection->initialize()
#2 /home/ivan/nativeProjects/VisaAppCi4/vendor/codeigniter4/framework/system/Database/BaseBuilder.php(1602): CodeIgniter\Database\BaseConnection->query()
#3 /home/ivan/nativeProjects/VisaAppCi4/vendor/codeigniter4/framework/system/Model.php(240): CodeIgniter\Database\BaseBuilder->get()
#4 /home/ivan/nativeProjects/VisaAppCi4/vendor/codeigniter4/framework/system/BaseModel.php(618): CodeIgniter\Model->doFindAll()
#5 /home/ivan/nativeProjects/VisaAppCi4/app/Helpers/retrieve_helper.php(9): CodeIgniter\BaseModel->findAll()
#6 /home/ivan/nativeProjects/VisaAppCi4/app/Views/visa_application.php(177): getVisaTypes()
#7 /home/ivan/nativeProjects/VisaAppCi4/vendor/codeigniter4/framework/system/View/View.php(213): include('...')
#8 /home/ivan/nativeProjects/VisaAppCi4/vendor/codeigniter4/framework/system/View/View.php(216): CodeIgniter\View\View->CodeIgniter\View\{closure}()
#9 /home/ivan/nativeProjects/VisaAppCi4/vendor/codeigniter4/framework/system/Common.php(1177): CodeIgniter\View\View->render()
#10 /home/ivan/nativeProjects/VisaAppCi4/app/Controllers/Visa.php(12): view()
#11 /home/ivan/nativeProjects/VisaAppCi4/vendor/codeigniter4/framework/system/CodeIgniter.php(934): App\Controllers\Visa->index()
#12 /home/ivan/nativeProjects/VisaAppCi4/vendor/codeigniter4/framework/system/CodeIgniter.php(499): CodeIgniter\CodeIgniter->runController()
#13 /home/ivan/nativeProjects/VisaAppCi4/vendor/codeigniter4/framework/system/CodeIgniter.php(368): CodeIgniter\CodeIgniter->handleRequest()
#14 /home/ivan/nativeProjects/VisaAppCi4/public/index.php(67): CodeIgniter\CodeIgniter->run()
#15 /home/ivan/nativeProjects/VisaAppCi4/vendor/codeigniter4/framework/system/Commands/Server/rewrite.php(47): require_once('...')
#16 {main}
CRITICAL - 2023-02-02 16:10:25 --> Unable to connect to the database.
Main connection [MySQLi]: Permission denied
in SYSTEMPATH/Database/BaseConnection.php on line 427.
 1 SYSTEMPATH/Database/BaseConnection.php(573): CodeIgniter\Database\BaseConnection->initialize()
 2 SYSTEMPATH/Database/BaseBuilder.php(1602): CodeIgniter\Database\BaseConnection->query()
 3 SYSTEMPATH/Model.php(240): CodeIgniter\Database\BaseBuilder->get()
 4 SYSTEMPATH/BaseModel.php(618): CodeIgniter\Model->doFindAll()
 5 APPPATH/Helpers/retrieve_helper.php(9): CodeIgniter\BaseModel->findAll()
 6 APPPATH/Views/visa_application.php(177): getVisaTypes()
 7 SYSTEMPATH/View/View.php(213): include('APPPATH/Views/visa_application.php')
 8 SYSTEMPATH/View/View.php(216): CodeIgniter\View\View->CodeIgniter\View\{closure}()
 9 SYSTEMPATH/Common.php(1177): CodeIgniter\View\View->render()
10 APPPATH/Controllers/Visa.php(12): view()
11 SYSTEMPATH/CodeIgniter.php(934): App\Controllers\Visa->index()
12 SYSTEMPATH/CodeIgniter.php(499): CodeIgniter\CodeIgniter->runController()
13 SYSTEMPATH/CodeIgniter.php(368): CodeIgniter\CodeIgniter->handleRequest()
14 FCPATH/index.php(67): CodeIgniter\CodeIgniter->run()
15 SYSTEMPATH/Commands/Server/rewrite.php(47): require_once('FCPATH/index.php')
INFO - 2023-02-02 16:10:26 --> Session: Class initialized using 'CodeIgniter\Session\Handlers\FileHandler' driver.
ERROR - 2023-02-02 16:10:26 --> Error connecting to the database: mysqli_sql_exception: Permission denied in /home/ivan/nativeProjects/VisaAppCi4/vendor/codeigniter4/framework/system/Database/MySQLi/Connection.php:173
Stack trace:
#0 /home/ivan/nativeProjects/VisaAppCi4/vendor/codeigniter4/framework/system/Database/MySQLi/Connection.php(173): mysqli->real_connect()
#1 /home/ivan/nativeProjects/VisaAppCi4/vendor/codeigniter4/framework/system/Database/BaseConnection.php(391): CodeIgniter\Database\MySQLi\Connection->connect()
#2 /home/ivan/nativeProjects/VisaAppCi4/vendor/codeigniter4/framework/system/Database/BaseConnection.php(573): CodeIgniter\Database\BaseConnection->initialize()
#3 /home/ivan/nativeProjects/VisaAppCi4/vendor/codeigniter4/framework/system/Database/BaseBuilder.php(1602): CodeIgniter\Database\BaseConnection->query()
#4 /home/ivan/nativeProjects/VisaAppCi4/vendor/codeigniter4/framework/system/Model.php(240): CodeIgniter\Database\BaseBuilder->get()
#5 /home/ivan/nativeProjects/VisaAppCi4/vendor/codeigniter4/framework/system/BaseModel.php(618): CodeIgniter\Model->doFindAll()
#6 /home/ivan/nativeProjects/VisaAppCi4/app/Helpers/retrieve_helper.php(9): CodeIgniter\BaseModel->findAll()
#7 /home/ivan/nativeProjects/VisaAppCi4/app/Views/visa_application.php(177): getVisaTypes()
#8 /home/ivan/nativeProjects/VisaAppCi4/vendor/codeigniter4/framework/system/View/View.php(213): include('...')
#9 /home/ivan/nativeProjects/VisaAppCi4/vendor/codeigniter4/framework/system/View/View.php(216): CodeIgniter\View\View->CodeIgniter\View\{closure}()
#10 /home/ivan/nativeProjects/VisaAppCi4/vendor/codeigniter4/framework/system/Common.php(1177): CodeIgniter\View\View->render()
#11 /home/ivan/nativeProjects/VisaAppCi4/app/Controllers/Visa.php(12): view()
#12 /home/ivan/nativeProjects/VisaAppCi4/vendor/codeigniter4/framework/system/CodeIgniter.php(934): App\Controllers\Visa->index()
#13 /home/ivan/nativeProjects/VisaAppCi4/vendor/codeigniter4/framework/system/CodeIgniter.php(499): CodeIgniter\CodeIgniter->runController()
#14 /home/ivan/nativeProjects/VisaAppCi4/vendor/codeigniter4/framework/system/CodeIgniter.php(368): CodeIgniter\CodeIgniter->handleRequest()
#15 /home/ivan/nativeProjects/VisaAppCi4/public/index.php(67): CodeIgniter\CodeIgniter->run()
#16 /home/ivan/nativeProjects/VisaAppCi4/vendor/codeigniter4/framework/system/Commands/Server/rewrite.php(47): require_once('...')
#17 {main}

Next CodeIgniter\Database\Exceptions\DatabaseException: Permission denied in /home/ivan/nativeProjects/VisaAppCi4/vendor/codeigniter4/framework/system/Database/MySQLi/Connection.php:218
Stack trace:
#0 /home/ivan/nativeProjects/VisaAppCi4/vendor/codeigniter4/framework/system/Database/BaseConnection.php(391): CodeIgniter\Database\MySQLi\Connection->connect()
#1 /home/ivan/nativeProjects/VisaAppCi4/vendor/codeigniter4/framework/system/Database/BaseConnection.php(573): CodeIgniter\Database\BaseConnection->initialize()
#2 /home/ivan/nativeProjects/VisaAppCi4/vendor/codeigniter4/framework/system/Database/BaseBuilder.php(1602): CodeIgniter\Database\BaseConnection->query()
#3 /home/ivan/nativeProjects/VisaAppCi4/vendor/codeigniter4/framework/system/Model.php(240): CodeIgniter\Database\BaseBuilder->get()
#4 /home/ivan/nativeProjects/VisaAppCi4/vendor/codeigniter4/framework/system/BaseModel.php(618): CodeIgniter\Model->doFindAll()
#5 /home/ivan/nativeProjects/VisaAppCi4/app/Helpers/retrieve_helper.php(9): CodeIgniter\BaseModel->findAll()
#6 /home/ivan/nativeProjects/VisaAppCi4/app/Views/visa_application.php(177): getVisaTypes()
#7 /home/ivan/nativeProjects/VisaAppCi4/vendor/codeigniter4/framework/system/View/View.php(213): include('...')
#8 /home/ivan/nativeProjects/VisaAppCi4/vendor/codeigniter4/framework/system/View/View.php(216): CodeIgniter\View\View->CodeIgniter\View\{closure}()
#9 /home/ivan/nativeProjects/VisaAppCi4/vendor/codeigniter4/framework/system/Common.php(1177): CodeIgniter\View\View->render()
#10 /home/ivan/nativeProjects/VisaAppCi4/app/Controllers/Visa.php(12): view()
#11 /home/ivan/nativeProjects/VisaAppCi4/vendor/codeigniter4/framework/system/CodeIgniter.php(934): App\Controllers\Visa->index()
#12 /home/ivan/nativeProjects/VisaAppCi4/vendor/codeigniter4/framework/system/CodeIgniter.php(499): CodeIgniter\CodeIgniter->runController()
#13 /home/ivan/nativeProjects/VisaAppCi4/vendor/codeigniter4/framework/system/CodeIgniter.php(368): CodeIgniter\CodeIgniter->handleRequest()
#14 /home/ivan/nativeProjects/VisaAppCi4/public/index.php(67): CodeIgniter\CodeIgniter->run()
#15 /home/ivan/nativeProjects/VisaAppCi4/vendor/codeigniter4/framework/system/Commands/Server/rewrite.php(47): require_once('...')
#16 {main}
CRITICAL - 2023-02-02 16:10:26 --> Unable to connect to the database.
Main connection [MySQLi]: Permission denied
in SYSTEMPATH/Database/BaseConnection.php on line 427.
 1 SYSTEMPATH/Database/BaseConnection.php(573): CodeIgniter\Database\BaseConnection->initialize()
 2 SYSTEMPATH/Database/BaseBuilder.php(1602): CodeIgniter\Database\BaseConnection->query()
 3 SYSTEMPATH/Model.php(240): CodeIgniter\Database\BaseBuilder->get()
 4 SYSTEMPATH/BaseModel.php(618): CodeIgniter\Model->doFindAll()
 5 APPPATH/Helpers/retrieve_helper.php(9): CodeIgniter\BaseModel->findAll()
 6 APPPATH/Views/visa_application.php(177): getVisaTypes()
 7 SYSTEMPATH/View/View.php(213): include('APPPATH/Views/visa_application.php')
 8 SYSTEMPATH/View/View.php(216): CodeIgniter\View\View->CodeIgniter\View\{closure}()
 9 SYSTEMPATH/Common.php(1177): CodeIgniter\View\View->render()
10 APPPATH/Controllers/Visa.php(12): view()
11 SYSTEMPATH/CodeIgniter.php(934): App\Controllers\Visa->index()
12 SYSTEMPATH/CodeIgniter.php(499): CodeIgniter\CodeIgniter->runController()
13 SYSTEMPATH/CodeIgniter.php(368): CodeIgniter\CodeIgniter->handleRequest()
14 FCPATH/index.php(67): CodeIgniter\CodeIgniter->run()
15 SYSTEMPATH/Commands/Server/rewrite.php(47): require_once('FCPATH/index.php')
INFO - 2023-02-02 16:14:59 --> Session: Class initialized using 'CodeIgniter\Session\Handlers\FileHandler' driver.
INFO - 2023-02-02 16:21:17 --> Session: Class initialized using 'CodeIgniter\Session\Handlers\FileHandler' driver.
INFO - 2023-02-02 16:24:02 --> CSRF token verified.
INFO - 2023-02-02 16:41:23 --> Session: Class initialized using 'CodeIgniter\Session\Handlers\FileHandler' driver.
CRITICAL - 2023-02-02 16:41:30 --> The action you requested is not allowed.
in SYSTEMPATH/Security/Security.php on line 306.
 1 SYSTEMPATH/Security/Security.php(306): CodeIgniter\Security\Exceptions\SecurityException::forDisallowedAction()
 2 SYSTEMPATH/Filters/CSRF.php(55): CodeIgniter\Security\Security->verify()
 3 SYSTEMPATH/Filters/Filters.php(173): CodeIgniter\Filters\CSRF->before()
 4 SYSTEMPATH/CodeIgniter.php(473): CodeIgniter\Filters\Filters->run()
 5 SYSTEMPATH/CodeIgniter.php(368): CodeIgniter\CodeIgniter->handleRequest()
 6 FCPATH/index.php(67): CodeIgniter\CodeIgniter->run()
 7 SYSTEMPATH/Commands/Server/rewrite.php(47): require_once('FCPATH/index.php')
CRITICAL - 2023-02-02 16:51:37 --> The action you requested is not allowed.
in SYSTEMPATH/Security/Security.php on line 306.
 1 SYSTEMPATH/Security/Security.php(306): CodeIgniter\Security\Exceptions\SecurityException::forDisallowedAction()
 2 SYSTEMPATH/Filters/CSRF.php(55): CodeIgniter\Security\Security->verify()
 3 SYSTEMPATH/Filters/Filters.php(173): CodeIgniter\Filters\CSRF->before()
 4 SYSTEMPATH/CodeIgniter.php(473): CodeIgniter\Filters\Filters->run()
 5 SYSTEMPATH/CodeIgniter.php(368): CodeIgniter\CodeIgniter->handleRequest()
 6 FCPATH/index.php(67): CodeIgniter\CodeIgniter->run()
 7 SYSTEMPATH/Commands/Server/rewrite.php(47): require_once('FCPATH/index.php')
INFO - 2023-02-02 16:51:42 --> Session: Class initialized using 'CodeIgniter\Session\Handlers\FileHandler' driver.
INFO - 2023-02-02 16:52:47 --> CSRF token verified.
CRITICAL - 2023-02-02 16:52:47 --> "unique" is not a valid rule.
in SYSTEMPATH/Validation/Validation.php on line 320.
 1 SYSTEMPATH/Validation/Validation.php(320): CodeIgniter\Validation\Exceptions\ValidationException::forRuleNotFound()
 2 SYSTEMPATH/Validation/Validation.php(170): CodeIgniter\Validation\Validation->processRules()
 3 SYSTEMPATH/Controller.php(155): CodeIgniter\Validation\Validation->run()
 4 APPPATH/Controllers/Visa.php(84): CodeIgniter\Controller->validateData()
 5 SYSTEMPATH/CodeIgniter.php(934): App\Controllers\Visa->processApplicantForm()
 6 SYSTEMPATH/CodeIgniter.php(499): CodeIgniter\CodeIgniter->runController()
 7 SYSTEMPATH/CodeIgniter.php(368): CodeIgniter\CodeIgniter->handleRequest()
 8 FCPATH/index.php(67): CodeIgniter\CodeIgniter->run()
 9 SYSTEMPATH/Commands/Server/rewrite.php(47): require_once('FCPATH/index.php')
CRITICAL - 2023-02-02 16:54:46 --> The action you requested is not allowed.
in SYSTEMPATH/Security/Security.php on line 306.
 1 SYSTEMPATH/Security/Security.php(306): CodeIgniter\Security\Exceptions\SecurityException::forDisallowedAction()
 2 SYSTEMPATH/Filters/CSRF.php(55): CodeIgniter\Security\Security->verify()
 3 SYSTEMPATH/Filters/Filters.php(173): CodeIgniter\Filters\CSRF->before()
 4 SYSTEMPATH/CodeIgniter.php(473): CodeIgniter\Filters\Filters->run()
 5 SYSTEMPATH/CodeIgniter.php(368): CodeIgniter\CodeIgniter->handleRequest()
 6 FCPATH/index.php(67): CodeIgniter\CodeIgniter->run()
 7 SYSTEMPATH/Commands/Server/rewrite.php(47): require_once('FCPATH/index.php')
INFO - 2023-02-02 16:55:00 --> Session: Class initialized using 'CodeIgniter\Session\Handlers\FileHandler' driver.
INFO - 2023-02-02 16:55:59 --> CSRF token verified.
CRITICAL - 2023-02-02 16:55:59 --> "min" is not a valid rule.
in SYSTEMPATH/Validation/Validation.php on line 320.
 1 SYSTEMPATH/Validation/Validation.php(320): CodeIgniter\Validation\Exceptions\ValidationException::forRuleNotFound()
 2 SYSTEMPATH/Validation/Validation.php(170): CodeIgniter\Validation\Validation->processRules()
 3 SYSTEMPATH/Controller.php(155): CodeIgniter\Validation\Validation->run()
 4 APPPATH/Controllers/Visa.php(84): CodeIgniter\Controller->validateData()
 5 SYSTEMPATH/CodeIgniter.php(934): App\Controllers\Visa->processApplicantForm()
 6 SYSTEMPATH/CodeIgniter.php(499): CodeIgniter\CodeIgniter->runController()
 7 SYSTEMPATH/CodeIgniter.php(368): CodeIgniter\CodeIgniter->handleRequest()
 8 FCPATH/index.php(67): CodeIgniter\CodeIgniter->run()
 9 SYSTEMPATH/Commands/Server/rewrite.php(47): require_once('FCPATH/index.php')
INFO - 2023-02-02 16:56:47 --> Session: Class initialized using 'CodeIgniter\Session\Handlers\FileHandler' driver.
INFO - 2023-02-02 16:57:32 --> CSRF token verified.
CRITICAL - 2023-02-02 17:00:22 --> The action you requested is not allowed.
in SYSTEMPATH/Security/Security.php on line 306.
 1 SYSTEMPATH/Security/Security.php(306): CodeIgniter\Security\Exceptions\SecurityException::forDisallowedAction()
 2 SYSTEMPATH/Filters/CSRF.php(55): CodeIgniter\Security\Security->verify()
 3 SYSTEMPATH/Filters/Filters.php(173): CodeIgniter\Filters\CSRF->before()
 4 SYSTEMPATH/CodeIgniter.php(473): CodeIgniter\Filters\Filters->run()
 5 SYSTEMPATH/CodeIgniter.php(368): CodeIgniter\CodeIgniter->handleRequest()
 6 FCPATH/index.php(67): CodeIgniter\CodeIgniter->run()
 7 SYSTEMPATH/Commands/Server/rewrite.php(47): require_once('FCPATH/index.php')
CRITICAL - 2023-02-02 17:00:26 --> The action you requested is not allowed.
in SYSTEMPATH/Security/Security.php on line 306.
 1 SYSTEMPATH/Security/Security.php(306): CodeIgniter\Security\Exceptions\SecurityException::forDisallowedAction()
 2 SYSTEMPATH/Filters/CSRF.php(55): CodeIgniter\Security\Security->verify()
 3 SYSTEMPATH/Filters/Filters.php(173): CodeIgniter\Filters\CSRF->before()
 4 SYSTEMPATH/CodeIgniter.php(473): CodeIgniter\Filters\Filters->run()
 5 SYSTEMPATH/CodeIgniter.php(368): CodeIgniter\CodeIgniter->handleRequest()
 6 FCPATH/index.php(67): CodeIgniter\CodeIgniter->run()
 7 SYSTEMPATH/Commands/Server/rewrite.php(47): require_once('FCPATH/index.php')
WARNING - 2023-02-02 17:08:14 --> [DEPRECATED] json_decode(): Passing null to parameter #1 ($json) of type string is deprecated in APPPATH/Controllers/Visa.php on line 25.
 1 APPPATH/Controllers/Visa.php(25): json_decode(null)
 2 SYSTEMPATH/CodeIgniter.php(934): App\Controllers\Visa->getVisaRequirements()
 3 SYSTEMPATH/CodeIgniter.php(499): CodeIgniter\CodeIgniter->runController(Object(App\Controllers\Visa))
 4 SYSTEMPATH/CodeIgniter.php(368): CodeIgniter\CodeIgniter->handleRequest(null, Object(Config\Cache), false)
 5 FCPATH/index.php(67): CodeIgniter\CodeIgniter->run()
 6 SYSTEMPATH/Commands/Server/rewrite.php(47): require_once('FCPATH/index.php')
