INFO - 2023-01-30 00:04:14 --> Session: Class initialized using 'CodeIgniter\Session\Handlers\FileHandler' driver.
INFO - 2023-01-30 00:04:36 --> CSRF token verified.
CRITICAL - 2023-01-30 00:30:33 --> Call to undefined function App\Helpers\Retrieve\getVisaTypes()
in APPPATH/Views/visa_application.php on line 181.
 1 SYSTEMPATH/View/View.php(213): include()
 2 SYSTEMPATH/View/View.php(216): CodeIgniter\View\View->CodeIgniter\View\{closure}()
 3 SYSTEMPATH/Common.php(1177): CodeIgniter\View\View->render()
 4 APPPATH/Controllers/Visa.php(12): view()
 5 SYSTEMPATH/CodeIgniter.php(934): App\Controllers\Visa->index()
 6 SYSTEMPATH/CodeIgniter.php(499): CodeIgniter\CodeIgniter->runController()
 7 SYSTEMPATH/CodeIgniter.php(368): CodeIgniter\CodeIgniter->handleRequest()
 8 FCPATH/index.php(67): CodeIgniter\CodeIgniter->run()
 9 SYSTEMPATH/Commands/Server/rewrite.php(47): require_once('FCPATH/index.php')
CRITICAL - 2023-01-30 00:34:16 --> Call to undefined function getVisaTypes()
in APPPATH/Views/visa_application.php on line 182.
 1 SYSTEMPATH/View/View.php(213): include()
 2 SYSTEMPATH/View/View.php(216): CodeIgniter\View\View->CodeIgniter\View\{closure}()
 3 SYSTEMPATH/Common.php(1177): CodeIgniter\View\View->render()
 4 APPPATH/Controllers/Visa.php(12): view()
 5 SYSTEMPATH/CodeIgniter.php(934): App\Controllers\Visa->index()
 6 SYSTEMPATH/CodeIgniter.php(499): CodeIgniter\CodeIgniter->runController()
 7 SYSTEMPATH/CodeIgniter.php(368): CodeIgniter\CodeIgniter->handleRequest()
 8 FCPATH/index.php(67): CodeIgniter\CodeIgniter->run()
 9 SYSTEMPATH/Commands/Server/rewrite.php(47): require_once('FCPATH/index.php')
CRITICAL - 2023-01-30 00:34:37 --> Call to undefined function getVisaTypes()
in APPPATH/Views/visa_application.php on line 182.
 1 SYSTEMPATH/View/View.php(213): include()
 2 SYSTEMPATH/View/View.php(216): CodeIgniter\View\View->CodeIgniter\View\{closure}()
 3 SYSTEMPATH/Common.php(1177): CodeIgniter\View\View->render()
 4 APPPATH/Controllers/Visa.php(12): view()
 5 SYSTEMPATH/CodeIgniter.php(934): App\Controllers\Visa->index()
 6 SYSTEMPATH/CodeIgniter.php(499): CodeIgniter\CodeIgniter->runController()
 7 SYSTEMPATH/CodeIgniter.php(368): CodeIgniter\CodeIgniter->handleRequest()
 8 FCPATH/index.php(67): CodeIgniter\CodeIgniter->run()
 9 SYSTEMPATH/Commands/Server/rewrite.php(47): require_once('FCPATH/index.php')
CRITICAL - 2023-01-30 00:40:14 --> Undefined constant "VisaModel"
in APPPATH/Helpers/retrieve_helper.php on line 7.
 1 APPPATH/Views/visa_application.php(182): getVisaTypes()
 2 SYSTEMPATH/View/View.php(213): include('APPPATH/Views/visa_application.php')
 3 SYSTEMPATH/View/View.php(216): CodeIgniter\View\View->CodeIgniter\View\{closure}()
 4 SYSTEMPATH/Common.php(1177): CodeIgniter\View\View->render()
 5 APPPATH/Controllers/Visa.php(12): view()
 6 SYSTEMPATH/CodeIgniter.php(934): App\Controllers\Visa->index()
 7 SYSTEMPATH/CodeIgniter.php(499): CodeIgniter\CodeIgniter->runController()
 8 SYSTEMPATH/CodeIgniter.php(368): CodeIgniter\CodeIgniter->handleRequest()
 9 FCPATH/index.php(67): CodeIgniter\CodeIgniter->run()
10 SYSTEMPATH/Commands/Server/rewrite.php(47): require_once('FCPATH/index.php')
CRITICAL - 2023-01-30 00:41:06 --> Undefined constant "VisaModel"
in APPPATH/Helpers/retrieve_helper.php on line 8.
 1 APPPATH/Views/visa_application.php(182): getVisaTypes()
 2 SYSTEMPATH/View/View.php(213): include('APPPATH/Views/visa_application.php')
 3 SYSTEMPATH/View/View.php(216): CodeIgniter\View\View->CodeIgniter\View\{closure}()
 4 SYSTEMPATH/Common.php(1177): CodeIgniter\View\View->render()
 5 APPPATH/Controllers/Visa.php(12): view()
 6 SYSTEMPATH/CodeIgniter.php(934): App\Controllers\Visa->index()
 7 SYSTEMPATH/CodeIgniter.php(499): CodeIgniter\CodeIgniter->runController()
 8 SYSTEMPATH/CodeIgniter.php(368): CodeIgniter\CodeIgniter->handleRequest()
 9 FCPATH/index.php(67): CodeIgniter\CodeIgniter->run()
10 SYSTEMPATH/Commands/Server/rewrite.php(47): require_once('FCPATH/index.php')
CRITICAL - 2023-01-30 00:41:48 --> Undefined variable $VisaModel
in APPPATH/Helpers/retrieve_helper.php on line 8.
 1 APPPATH/Helpers/retrieve_helper.php(8): CodeIgniter\Debug\Exceptions->errorHandler()
 2 APPPATH/Views/visa_application.php(182): getVisaTypes()
 3 SYSTEMPATH/View/View.php(213): include('APPPATH/Views/visa_application.php')
 4 SYSTEMPATH/View/View.php(216): CodeIgniter\View\View->CodeIgniter\View\{closure}()
 5 SYSTEMPATH/Common.php(1177): CodeIgniter\View\View->render()
 6 APPPATH/Controllers/Visa.php(12): view()
 7 SYSTEMPATH/CodeIgniter.php(934): App\Controllers\Visa->index()
 8 SYSTEMPATH/CodeIgniter.php(499): CodeIgniter\CodeIgniter->runController()
 9 SYSTEMPATH/CodeIgniter.php(368): CodeIgniter\CodeIgniter->handleRequest()
10 FCPATH/index.php(67): CodeIgniter\CodeIgniter->run()
11 SYSTEMPATH/Commands/Server/rewrite.php(47): require_once('FCPATH/index.php')
